<?xml version="1.0" encoding="UTF-8"?>
<!-- Generated by org.testng.reporters.JUnitXMLReporter -->
<testsuite hostname="CPN-IT-ANILKUMAR" ignored="0" name=" Test Cases" tests="41" failures="2" timestamp="23 May 2018 11:41:39 GMT" time="1170.879" errors="0">
  <testcase name="BrokerRegister" time="32.827" classname="testcases.BrokerRegisterCanadaTest"/>
  <testcase name="login" time="8.766" classname="testcases.BrokerOutlookCanadaTest"/>
  <testcase name="outlookloginTest" time="39.413" classname="testcases.BrokerOutlookCanadaTest"/>
  <testcase name="Home" time="4.884" classname="testcases.AdminBrokerCanadaTest"/>
  <testcase name="adminLogin" time="14.704" classname="testcases.AdminBrokerCanadaTest"/>
  <testcase name="loginTest" time="6.483" classname="testcases.BrokerCanadaFirstLoginTest"/>
  <testcase name="CarrierRegister" time="35.526" classname="testcases.CarrierRegisterCanadaTest"/>
  <testcase name="login" time="14.768" classname="testcases.CarrierOutlookCanadaTest"/>
  <testcase name="outlookloginTest" time="50.95" classname="testcases.CarrierOutlookCanadaTest">
    <failure type="org.openqa.selenium.TimeoutException" message="Expected condition failed: waiting for visibility of [[ChromeDriver: chrome on XP (707a607ab200790f513b4b1bcbd8ad73)] -&amp;gt; xpath: //input[@role=&amp;apos;textbox&amp;apos;]] (tried for 30 second(s) with 500 MILLISECONDS interval)">
      <![CDATA[org.openqa.selenium.TimeoutException: Expected condition failed: waiting for visibility of [[ChromeDriver: chrome on XP (707a607ab200790f513b4b1bcbd8ad73)] -> xpath: //input[@role='textbox']] (tried for 30 second(s) with 500 MILLISECONDS interval)
at org.openqa.selenium.support.ui.WebDriverWait.timeoutException(WebDriverWait.java:80)
at org.openqa.selenium.support.ui.FluentWait.until(FluentWait.java:232)
at pages.CarrierOutlookCanada.enterEmail(CarrierOutlookCanada.java:111)
at testcases.CarrierOutlookCanadaTest.outlookloginTest(CarrierOutlookCanadaTest.java:36)
Caused by: org.openqa.selenium.NoSuchElementException: no such element: Unable to locate element: {"method":"xpath","selector":"//input[@role='textbox']"}
  (Session info: chrome=65.0.3325.181)
  (Driver info: chromedriver=2.35.528161 (5b82f2d2aae0ca24b877009200ced9065a772e73),platform=Windows NT 10.0.17134 x86_64) (WARNING: The server did not provide any stacktrace information)
Command duration or timeout: 0 milliseconds
For documentation on this error, please visit: http://seleniumhq.org/exceptions/no_such_element.html
Build info: version: '3.5.3', revision: 'a88d25fe6b', time: '2017-08-29T12:42:44.417Z'
System info: host: 'CPN-IT-ANILKUMA', ip: '10.10.0.206', os.name: 'Windows 10', os.arch: 'amd64', os.version: '10.0', java.version: '1.8.0_171'
Driver info: org.openqa.selenium.chrome.ChromeDriver
Capabilities [{mobileEmulationEnabled=false, hasTouchScreen=false, platform=XP, acceptSslCerts=false, acceptInsecureCerts=false, webStorageEnabled=true, browserName=chrome, takesScreenshot=true, javascriptEnabled=true, platformName=XP, setWindowRect=true, unexpectedAlertBehaviour=, applicationCacheEnabled=false, rotatable=false, networkConnectionEnabled=false, chrome={chromedriverVersion=2.35.528161 (5b82f2d2aae0ca24b877009200ced9065a772e73), userDataDir=C:\Users\ANILKU~1\AppData\Local\Temp\scoped_dir12400_16240}, takesHeapSnapshot=true, pageLoadStrategy=normal, unhandledPromptBehavior=, databaseEnabled=false, handlesAlerts=true, version=65.0.3325.181, browserConnectionEnabled=false, nativeEvents=true, locationContextEnabled=true, cssSelectorsEnabled=true}]
Session ID: 707a607ab200790f513b4b1bcbd8ad73
*** Element info: {Using=xpath, value=//input[@role='textbox']}
at org.openqa.selenium.remote.ErrorHandler.createThrowable(ErrorHandler.java:215)
at org.openqa.selenium.remote.ErrorHandler.throwIfResponseFailed(ErrorHandler.java:167)
at org.openqa.selenium.remote.http.JsonHttpResponseCodec.reconstructValue(JsonHttpResponseCodec.java:40)
at org.openqa.selenium.remote.http.AbstractHttpResponseCodec.decode(AbstractHttpResponseCodec.java:82)
at org.openqa.selenium.remote.http.AbstractHttpResponseCodec.decode(AbstractHttpResponseCodec.java:45)
at org.openqa.selenium.remote.HttpCommandExecutor.execute(HttpCommandExecutor.java:164)
at org.openqa.selenium.remote.service.DriverCommandExecutor.execute(DriverCommandExecutor.java:82)
at org.openqa.selenium.remote.RemoteWebDriver.execute(RemoteWebDriver.java:646)
at org.openqa.selenium.remote.RemoteWebDriver.findElement(RemoteWebDriver.java:416)
at org.openqa.selenium.remote.RemoteWebDriver.findElementByXPath(RemoteWebDriver.java:518)
at org.openqa.selenium.By$ByXPath.findElement(By.java:361)
at org.openqa.selenium.remote.RemoteWebDriver.findElement(RemoteWebDriver.java:408)
at org.openqa.selenium.support.events.EventFiringWebDriver$2.invoke(EventFiringWebDriver.java:105)
at com.sun.proxy.$Proxy8.findElement(Unknown Source)
at org.openqa.selenium.support.events.EventFiringWebDriver.findElement(EventFiringWebDriver.java:189)
at org.openqa.selenium.support.pagefactory.DefaultElementLocator.findElement(DefaultElementLocator.java:69)
at org.openqa.selenium.support.pagefactory.internal.LocatingElementHandler.invoke(LocatingElementHandler.java:38)
at com.sun.proxy.$Proxy12.isDisplayed(Unknown Source)
at org.openqa.selenium.support.ui.ExpectedConditions.elementIfVisible(ExpectedConditions.java:302)
at org.openqa.selenium.support.ui.ExpectedConditions.access$100(ExpectedConditions.java:44)
at org.openqa.selenium.support.ui.ExpectedConditions$10.apply(ExpectedConditions.java:288)
at org.openqa.selenium.support.ui.ExpectedConditions$10.apply(ExpectedConditions.java:285)
at org.openqa.selenium.support.ui.FluentWait.until(FluentWait.java:209)
... 27 more
... Removed 32 stack frames]]>
    </failure>
  </testcase> <!-- outlookloginTest -->
  <testcase name="Home" time="45.448" classname="testcases.AdminCarrierCanadaTest">
    <failure type="org.openqa.selenium.TimeoutException" message="timeout
  (Session info: chrome=65.0.3325.181)
  (Driver info: chromedriver=2.35.528161 (5b82f2d2aae0ca24b877009200ced9065a772e73),platform=Windows NT 10.0.17134 x86_64) (WARNING: The server did not provide any stacktrace information)
Command duration or timeout: 0 milliseconds
Build info: version: &amp;apos;3.5.3&amp;apos;, revision: &amp;apos;a88d25fe6b&amp;apos;, time: &amp;apos;2017-08-29T12:42:44.417Z&amp;apos;
System info: host: &amp;apos;CPN-IT-ANILKUMA&amp;apos;, ip: &amp;apos;10.10.0.206&amp;apos;, os.name: &amp;apos;Windows 10&amp;apos;, os.arch: &amp;apos;amd64&amp;apos;, os.version: &amp;apos;10.0&amp;apos;, java.version: &amp;apos;1.8.0_171&amp;apos;
Driver info: org.openqa.selenium.chrome.ChromeDriver
Capabilities [{mobileEmulationEnabled=false, hasTouchScreen=false, platform=XP, acceptSslCerts=false, acceptInsecureCerts=false, webStorageEnabled=true, browserName=chrome, takesScreenshot=true, javascriptEnabled=true, platformName=XP, setWindowRect=true, unexpectedAlertBehaviour=, applicationCacheEnabled=false, rotatable=false, networkConnectionEnabled=false, chrome={chromedriverVersion=2.35.528161 (5b82f2d2aae0ca24b877009200ced9065a772e73), userDataDir=C:\Users\ANILKU~1\AppData\Local\Temp\scoped_dir13316_16487}, takesHeapSnapshot=true, pageLoadStrategy=normal, unhandledPromptBehavior=, databaseEnabled=false, handlesAlerts=true, version=65.0.3325.181, browserConnectionEnabled=false, nativeEvents=true, locationContextEnabled=true, cssSelectorsEnabled=true}]
Session ID: 0de81647a42c321a2a8d6125aa3425e1">
      <![CDATA[org.openqa.selenium.TimeoutException: timeout
  (Session info: chrome=65.0.3325.181)
  (Driver info: chromedriver=2.35.528161 (5b82f2d2aae0ca24b877009200ced9065a772e73),platform=Windows NT 10.0.17134 x86_64) (WARNING: The server did not provide any stacktrace information)
Command duration or timeout: 0 milliseconds
Build info: version: '3.5.3', revision: 'a88d25fe6b', time: '2017-08-29T12:42:44.417Z'
System info: host: 'CPN-IT-ANILKUMA', ip: '10.10.0.206', os.name: 'Windows 10', os.arch: 'amd64', os.version: '10.0', java.version: '1.8.0_171'
Driver info: org.openqa.selenium.chrome.ChromeDriver
Capabilities [{mobileEmulationEnabled=false, hasTouchScreen=false, platform=XP, acceptSslCerts=false, acceptInsecureCerts=false, webStorageEnabled=true, browserName=chrome, takesScreenshot=true, javascriptEnabled=true, platformName=XP, setWindowRect=true, unexpectedAlertBehaviour=, applicationCacheEnabled=false, rotatable=false, networkConnectionEnabled=false, chrome={chromedriverVersion=2.35.528161 (5b82f2d2aae0ca24b877009200ced9065a772e73), userDataDir=C:\Users\ANILKU~1\AppData\Local\Temp\scoped_dir13316_16487}, takesHeapSnapshot=true, pageLoadStrategy=normal, unhandledPromptBehavior=, databaseEnabled=false, handlesAlerts=true, version=65.0.3325.181, browserConnectionEnabled=false, nativeEvents=true, locationContextEnabled=true, cssSelectorsEnabled=true}]
Session ID: 0de81647a42c321a2a8d6125aa3425e1
at org.openqa.selenium.remote.ErrorHandler.createThrowable(ErrorHandler.java:215)
at org.openqa.selenium.remote.ErrorHandler.throwIfResponseFailed(ErrorHandler.java:167)
at org.openqa.selenium.remote.http.JsonHttpResponseCodec.reconstructValue(JsonHttpResponseCodec.java:40)
at org.openqa.selenium.remote.http.AbstractHttpResponseCodec.decode(AbstractHttpResponseCodec.java:82)
at org.openqa.selenium.remote.http.AbstractHttpResponseCodec.decode(AbstractHttpResponseCodec.java:45)
at org.openqa.selenium.remote.HttpCommandExecutor.execute(HttpCommandExecutor.java:164)
at org.openqa.selenium.remote.service.DriverCommandExecutor.execute(DriverCommandExecutor.java:82)
at org.openqa.selenium.remote.RemoteWebDriver.execute(RemoteWebDriver.java:646)
at org.openqa.selenium.remote.RemoteWebDriver.execute(RemoteWebDriver.java:703)
at org.openqa.selenium.remote.RemoteWebDriver.getScreenshotAs(RemoteWebDriver.java:388)
at org.openqa.selenium.support.events.EventFiringWebDriver$2.invoke(EventFiringWebDriver.java:105)
at com.sun.proxy.$Proxy8.getScreenshotAs(Unknown Source)
at org.openqa.selenium.support.events.EventFiringWebDriver.getScreenshotAs(EventFiringWebDriver.java:288)
at util.TestUtil.takeScreenshotAtEndOfTest(TestUtil.java:63)
at util.WebEventListener.onException(WebEventListener.java:67)
at org.openqa.selenium.support.events.EventFiringWebDriver$1.invoke(EventFiringWebDriver.java:82)
at com.sun.proxy.$Proxy7.onException(Unknown Source)
at org.openqa.selenium.support.events.EventFiringWebDriver$2.invoke(EventFiringWebDriver.java:107)
at com.sun.proxy.$Proxy8.get(Unknown Source)
at org.openqa.selenium.support.events.EventFiringWebDriver.get(EventFiringWebDriver.java:164)
at pages.AdminHomePage.AdminURL(AdminHomePage.java:18)
at testcases.AdminCarrierCanadaTest.Home(AdminCarrierCanadaTest.java:36)
... Removed 37 stack frames]]>
    </failure>
  </testcase> <!-- Home -->
  <testcase name="adminLogin" time="17.491" classname="testcases.AdminCarrierCanadaTest"/>
  <testcase name="loginTest" time="4.956" classname="testcases.CarrierCanadaFirstLoginTest"/>
  <testcase name="loginBroker" time="8.252" classname="testcases.ShipperSchedulePaymentTest"/>
  <testcase name="brokernewPayment" time="20.527" classname="testcases.ShipperSchedulePaymentTest"/>
  <testcase name="loginBroker" time="9.324" classname="testcases.ShipperAdvancePaymentTest"/>
  <testcase name="brokernewPayment" time="19.707" classname="testcases.ShipperAdvancePaymentTest"/>
  <testcase name="loginTest" time="11.346" classname="testcases.ShipperAdvancePaymentTest"/>
  <testcase name="loginCarrier" time="7.295" classname="testcases.CarrierSchedulePaymentTest"/>
  <testcase name="carrierPaymeNow" time="17.531" classname="testcases.CarrierSchedulePaymentTest"/>
  <testcase name="loginBroker" time="6.434" classname="testcases.BrokerPaymentforUnmatchedCarrierTest"/>
  <testcase name="brokernewPayment" time="20.179" classname="testcases.BrokerPaymentforUnmatchedCarrierTest"/>
  <testcase name="brokernewPayment" time="19.403" classname="testcases.BrokerPaymentforUnmatchedCarrierTest"/>
  <testcase name="login" time="16.089" classname="testcases.UnmatchedCarrierOutlookNextDayTest"/>
  <testcase name="outlookloginTest" time="60.807" classname="testcases.UnmatchedCarrierOutlookNextDayTest"/>
  <testcase name="CarrierRegister" time="29.856" classname="testcases.UnmatchedCarrierOutlookNextDayTest"/>
  <testcase name="login" time="8.661" classname="testcases.UnmatchedCariierEmailVerifyNextDayTest"/>
  <testcase name="outlookloginTest" time="42.031" classname="testcases.UnmatchedCariierEmailVerifyNextDayTest"/>
  <testcase name="Home" time="5.589" classname="testcases.UnmatchedCarrierAdminNextDayTest"/>
  <testcase name="adminLogin" time="14.671" classname="testcases.UnmatchedCarrierAdminNextDayTest"/>
  <testcase name="loginTest" time="8.202" classname="testcases.CarrierFirstLoginNextDayACHTest"/>
  <testcase name="carrierPaymenowNextDAYACH" time="34.302" classname="testcases.UnmatchedCarrierNextDayACHTest"/>
  <testcase name="login" time="9.958" classname="testcases.UnmatchedCarrierOutlookNewPaymentTest"/>
  <testcase name="outlookloginTest" time="69.176" classname="testcases.UnmatchedCarrierOutlookNewPaymentTest"/>
  <testcase name="CarrierRegister" time="28.896" classname="testcases.UnmatchedCarrierOutlookNewPaymentTest"/>
  <testcase name="login" time="9.04" classname="testcases.UnmatchedNewPaymentCarrierOutlookTest"/>
  <testcase name="outlookloginTest" time="39.764" classname="testcases.UnmatchedNewPaymentCarrierOutlookTest"/>
  <testcase name="Home" time="5.199" classname="testcases.UnmatchedNewPaymentAdminCarrierTest"/>
  <testcase name="adminLogin" time="13.237" classname="testcases.UnmatchedNewPaymentAdminCarrierTest"/>
  <testcase name="loginTest" time="22.428" classname="testcases.UnmatchedNewPaymentCarrierTest"/>
  <testcase name="loginTest" time="2.915" classname="testcases.CarrierPayMeNowFuelCardTest"/>
  <testcase name="carrierPaymenowFuelCard" time="47.259" classname="testcases.CarrierPayMeNowFuelCardTest"/>
</testsuite> <!--  Test Cases -->
