<?xml version="1.0" encoding="UTF-8"?>
<!-- Generated by org.testng.reporters.JUnitXMLReporter -->
<testsuite hostname="CPN-IT-SHANTESHH" ignored="0" name=" Test Cases" tests="43" failures="3" timestamp="04 May 2018 09:24:56 GMT" time="1007.179" errors="0">
  <testcase name="BrokerRegister" time="30.59" classname="testcases.BrokerRegisterTest"/>
  <testcase name="login" time="7.964" classname="testcases.BrokerOutlookTest"/>
  <testcase name="outlookloginTest" time="53.805" classname="testcases.BrokerOutlookTest"/>
  <testcase name="Home" time="6.684" classname="testcases.AdminBrokerTest"/>
  <testcase name="adminLogin" time="14.059" classname="testcases.AdminBrokerTest"/>
  <testcase name="loginTest" time="10.503" classname="testcases.BrokerLoginTest"/>
  <testcase name="CarrierRegister" time="31.33" classname="testcases.CarrierRegisterTest"/>
  <testcase name="login" time="11.746" classname="testcases.CariierOutlookTest"/>
  <testcase name="outlookloginTest" time="33.52" classname="testcases.CariierOutlookTest"/>
  <testcase name="Home" time="5.122" classname="testcases.AdminCarrierTest"/>
  <testcase name="adminLogin" time="13.537" classname="testcases.AdminCarrierTest"/>
  <testcase name="loginTest" time="8.973" classname="testcases.CarrierLoginTest"/>
  <testcase name="loginCarrier" time="3.436" classname="testcases.CarrierNotificationTest"/>
  <testcase name="carrierNotification" time="4.935" classname="testcases.CarrierNotificationTest"/>
  <testcase name="loginBroker" time="2.83" classname="testcases.BrokerNewPaymentTest"/>
  <testcase name="brokernewPayment" time="18.389" classname="testcases.BrokerNewPaymentTest"/>
  <testcase name="brokernewPayment" time="17.973" classname="testcases.BrokerNewPaymentTest"/>
  <testcase name="brokernewPayment" time="17.92" classname="testcases.BrokerNewPaymentTest"/>
  <testcase name="loginTest" time="4.434" classname="testcases.CarrierWireTransferTest"/>
  <testcase name="carrierPaymenowWirTransfer" time="22.981" classname="testcases.CarrierWireTransferTest"/>
  <testcase name="loginCarrier" time="2.842" classname="testcases.CarrierPayMeNowTabTest"/>
  <testcase name="carrierPaymeNow" time="11.39" classname="testcases.CarrierPayMeNowTabTest"/>
  <testcase name="loginBroker" time="5.123" classname="testcases.BrokerPaymentforUnmatchedCarrierTest"/>
  <testcase name="brokernewPayment" time="19.766" classname="testcases.BrokerPaymentforUnmatchedCarrierTest"/>
  <testcase name="brokernewPayment" time="18.89" classname="testcases.BrokerPaymentforUnmatchedCarrierTest"/>
  <testcase name="login" time="9.439" classname="testcases.UnmatchedCarrierOutlooksameDayTest"/>
  <testcase name="outlookloginTest" time="45.939" classname="testcases.UnmatchedCarrierOutlooksameDayTest"/>
  <testcase name="CarrierRegister" time="28.048" classname="testcases.UnmatchedCarrierOutlooksameDayTest"/>
  <testcase name="login" time="9.504" classname="testcases.UnmatchedCariierEmailVerifyTest"/>
  <testcase name="outlookloginTest" time="48.225" classname="testcases.UnmatchedCariierEmailVerifyTest"/>
  <testcase name="Home" time="6.185" classname="testcases.UnmatchedCarrierAdminSameDayTest"/>
  <testcase name="adminLogin" time="32.381" classname="testcases.UnmatchedCarrierAdminSameDayTest">
    <failure type="org.openqa.selenium.NoSuchElementException" message="no such element: Unable to locate element: {&amp;quot;method&amp;quot;:&amp;quot;xpath&amp;quot;,&amp;quot;selector&amp;quot;:&amp;quot;.//*[@id=&amp;apos;UserName&amp;apos;]&amp;quot;}
  (Session info: chrome=66.0.3359.139)
  (Driver info: chromedriver=2.35.528161 (5b82f2d2aae0ca24b877009200ced9065a772e73),platform=Windows NT 6.1.7601 SP1 x86_64) (WARNING: The server did not provide any stacktrace information)
Command duration or timeout: 0 milliseconds
For documentation on this error, please visit: http://seleniumhq.org/exceptions/no_such_element.html
Build info: version: &amp;apos;3.5.3&amp;apos;, revision: &amp;apos;a88d25fe6b&amp;apos;, time: &amp;apos;2017-08-29T12:42:44.417Z&amp;apos;
System info: host: &amp;apos;CPN-IT-SHANTESH&amp;apos;, ip: &amp;apos;10.10.0.254&amp;apos;, os.name: &amp;apos;Windows 7&amp;apos;, os.arch: &amp;apos;amd64&amp;apos;, os.version: &amp;apos;6.1&amp;apos;, java.version: &amp;apos;1.8.0_161&amp;apos;
Driver info: org.openqa.selenium.chrome.ChromeDriver
Capabilities [{mobileEmulationEnabled=false, hasTouchScreen=false, platform=XP, acceptSslCerts=false, acceptInsecureCerts=false, webStorageEnabled=true, browserName=chrome, takesScreenshot=true, javascriptEnabled=true, platformName=XP, setWindowRect=true, unexpectedAlertBehaviour=, applicationCacheEnabled=false, rotatable=false, networkConnectionEnabled=false, chrome={chromedriverVersion=2.35.528161 (5b82f2d2aae0ca24b877009200ced9065a772e73), userDataDir=C:\Users\SHANTE~1\AppData\Local\Temp\scoped_dir8348_7137}, takesHeapSnapshot=true, pageLoadStrategy=normal, unhandledPromptBehavior=, databaseEnabled=false, handlesAlerts=true, version=66.0.3359.139, browserConnectionEnabled=false, nativeEvents=true, locationContextEnabled=true, cssSelectorsEnabled=true}]
Session ID: cf2857d2f90daced83635d959b601544
*** Element info: {Using=xpath, value=.//*[@id=&amp;apos;UserName&amp;apos;]}">
      <![CDATA[org.openqa.selenium.NoSuchElementException: no such element: Unable to locate element: {"method":"xpath","selector":".//*[@id='UserName']"}
  (Session info: chrome=66.0.3359.139)
  (Driver info: chromedriver=2.35.528161 (5b82f2d2aae0ca24b877009200ced9065a772e73),platform=Windows NT 6.1.7601 SP1 x86_64) (WARNING: The server did not provide any stacktrace information)
Command duration or timeout: 0 milliseconds
For documentation on this error, please visit: http://seleniumhq.org/exceptions/no_such_element.html
Build info: version: '3.5.3', revision: 'a88d25fe6b', time: '2017-08-29T12:42:44.417Z'
System info: host: 'CPN-IT-SHANTESH', ip: '10.10.0.254', os.name: 'Windows 7', os.arch: 'amd64', os.version: '6.1', java.version: '1.8.0_161'
Driver info: org.openqa.selenium.chrome.ChromeDriver
Capabilities [{mobileEmulationEnabled=false, hasTouchScreen=false, platform=XP, acceptSslCerts=false, acceptInsecureCerts=false, webStorageEnabled=true, browserName=chrome, takesScreenshot=true, javascriptEnabled=true, platformName=XP, setWindowRect=true, unexpectedAlertBehaviour=, applicationCacheEnabled=false, rotatable=false, networkConnectionEnabled=false, chrome={chromedriverVersion=2.35.528161 (5b82f2d2aae0ca24b877009200ced9065a772e73), userDataDir=C:\Users\SHANTE~1\AppData\Local\Temp\scoped_dir8348_7137}, takesHeapSnapshot=true, pageLoadStrategy=normal, unhandledPromptBehavior=, databaseEnabled=false, handlesAlerts=true, version=66.0.3359.139, browserConnectionEnabled=false, nativeEvents=true, locationContextEnabled=true, cssSelectorsEnabled=true}]
Session ID: cf2857d2f90daced83635d959b601544
*** Element info: {Using=xpath, value=.//*[@id='UserName']}
at org.openqa.selenium.remote.ErrorHandler.createThrowable(ErrorHandler.java:215)
at org.openqa.selenium.remote.ErrorHandler.throwIfResponseFailed(ErrorHandler.java:167)
at org.openqa.selenium.remote.http.JsonHttpResponseCodec.reconstructValue(JsonHttpResponseCodec.java:40)
at org.openqa.selenium.remote.http.AbstractHttpResponseCodec.decode(AbstractHttpResponseCodec.java:82)
at org.openqa.selenium.remote.http.AbstractHttpResponseCodec.decode(AbstractHttpResponseCodec.java:45)
at org.openqa.selenium.remote.HttpCommandExecutor.execute(HttpCommandExecutor.java:164)
at org.openqa.selenium.remote.service.DriverCommandExecutor.execute(DriverCommandExecutor.java:82)
at org.openqa.selenium.remote.RemoteWebDriver.execute(RemoteWebDriver.java:646)
at org.openqa.selenium.remote.RemoteWebDriver.findElement(RemoteWebDriver.java:416)
at org.openqa.selenium.remote.RemoteWebDriver.findElementByXPath(RemoteWebDriver.java:518)
at org.openqa.selenium.By$ByXPath.findElement(By.java:361)
at org.openqa.selenium.remote.RemoteWebDriver.findElement(RemoteWebDriver.java:408)
at org.openqa.selenium.support.events.EventFiringWebDriver$2.invoke(EventFiringWebDriver.java:105)
at com.sun.proxy.$Proxy8.findElement(Unknown Source)
at org.openqa.selenium.support.events.EventFiringWebDriver.findElement(EventFiringWebDriver.java:189)
at org.openqa.selenium.support.pagefactory.DefaultElementLocator.findElement(DefaultElementLocator.java:69)
at org.openqa.selenium.support.pagefactory.internal.LocatingElementHandler.invoke(LocatingElementHandler.java:38)
at com.sun.proxy.$Proxy12.sendKeys(Unknown Source)
at pages.AdminLogin.adminUserPass(AdminLogin.java:58)
at testcases.UnmatchedCarrierAdminSameDayTest.adminLogin(UnmatchedCarrierAdminSameDayTest.java:43)
... Removed 32 stack frames]]>
    </failure>
  </testcase> <!-- adminLogin -->
  <testcase name="loginTest" time="7.381" classname="testcases.CarrierFirstLoginSameDayTest">
    <failure type="java.lang.NullPointerException">
      <![CDATA[java.lang.NullPointerException
at org.openqa.selenium.support.events.EventFiringWebDriver.extractInterfaces(EventFiringWebDriver.java:121)
at org.openqa.selenium.support.events.EventFiringWebDriver.access$500(EventFiringWebDriver.java:67)
at org.openqa.selenium.support.events.EventFiringWebDriver$EventFiringWebElement.<init>(EventFiringWebDriver.java:343)
at org.openqa.selenium.support.events.EventFiringWebDriver$EventFiringWebElement.<init>(EventFiringWebDriver.java:335)
at org.openqa.selenium.support.events.EventFiringWebDriver.createWebElement(EventFiringWebDriver.java:308)
at org.openqa.selenium.support.events.EventFiringWebDriver.findElement(EventFiringWebDriver.java:191)
at org.openqa.selenium.support.pagefactory.DefaultElementLocator.findElement(DefaultElementLocator.java:69)
at org.openqa.selenium.support.pagefactory.internal.LocatingElementHandler.invoke(LocatingElementHandler.java:38)
at com.sun.proxy.$Proxy12.isDisplayed(Unknown Source)
at org.openqa.selenium.support.ui.ExpectedConditions.elementIfVisible(ExpectedConditions.java:302)
at org.openqa.selenium.support.ui.ExpectedConditions.access$100(ExpectedConditions.java:44)
at org.openqa.selenium.support.ui.ExpectedConditions$10.apply(ExpectedConditions.java:288)
at org.openqa.selenium.support.ui.ExpectedConditions$10.apply(ExpectedConditions.java:285)
at org.openqa.selenium.support.ui.ExpectedConditions$23.apply(ExpectedConditions.java:673)
at org.openqa.selenium.support.ui.ExpectedConditions$23.apply(ExpectedConditions.java:669)
at org.openqa.selenium.support.ui.FluentWait.until(FluentWait.java:209)
at pages.CarrierFirstLoginSameDay.clickNext(CarrierFirstLoginSameDay.java:68)
at testcases.CarrierFirstLoginSameDayTest.loginTest(CarrierFirstLoginSameDayTest.java:29)
... Removed 25 stack frames]]>
    </failure>
  </testcase> <!-- loginTest -->
  <testcase name="carrierPaymenowSameDayACH" time="3.84" classname="testcases.UnmatchedCarrierSameDayACHTest">
    <failure type="java.lang.NullPointerException">
      <![CDATA[java.lang.NullPointerException
at org.openqa.selenium.support.events.EventFiringWebDriver.extractInterfaces(EventFiringWebDriver.java:121)
at org.openqa.selenium.support.events.EventFiringWebDriver.access$500(EventFiringWebDriver.java:67)
at org.openqa.selenium.support.events.EventFiringWebDriver$EventFiringWebElement.<init>(EventFiringWebDriver.java:343)
at org.openqa.selenium.support.events.EventFiringWebDriver$EventFiringWebElement.<init>(EventFiringWebDriver.java:335)
at org.openqa.selenium.support.events.EventFiringWebDriver.createWebElement(EventFiringWebDriver.java:308)
at org.openqa.selenium.support.events.EventFiringWebDriver.findElement(EventFiringWebDriver.java:191)
at org.openqa.selenium.support.pagefactory.DefaultElementLocator.findElement(DefaultElementLocator.java:69)
at org.openqa.selenium.support.pagefactory.internal.LocatingElementHandler.invoke(LocatingElementHandler.java:38)
at com.sun.proxy.$Proxy12.getText(Unknown Source)
at pages.UnmatchedCarrierSameDAYACH.getAmount(UnmatchedCarrierSameDAYACH.java:89)
at testcases.UnmatchedCarrierSameDayACHTest.carrierPaymenowSameDayACH(UnmatchedCarrierSameDayACHTest.java:43)
... Removed 25 stack frames]]>
    </failure>
  </testcase> <!-- carrierPaymenowSameDayACH -->
  <testcase name="login" time="8.845" classname="testcases.UnmatchedCarrierOutlookTest"/>
  <testcase name="outlookloginTest" time="51.801" classname="testcases.UnmatchedCarrierOutlookTest"/>
  <testcase name="CarrierRegister" time="28.068" classname="testcases.UnmatchedCarrierOutlookTest"/>
  <testcase name="login" time="13.288" classname="testcases.UnmatchedCariierEmailVerifyWiretRansferTest"/>
  <testcase name="outlookloginTest" time="38.707" classname="testcases.UnmatchedCariierEmailVerifyWiretRansferTest"/>
  <testcase name="Home" time="4.025" classname="testcases.UnmatchedCarrierAdminTest"/>
  <testcase name="adminLogin" time="12.314" classname="testcases.UnmatchedCarrierAdminTest"/>
  <testcase name="loginTest" time="7.867" classname="testcases.CarrierFirstLoginTest"/>
  <testcase name="carrierPaymenowWirTransfer" time="11.364" classname="testcases.UnmatchedCarrierWireTransferTest"/>
</testsuite> <!--  Test Cases -->
