<html>
<head>
<title>TestNG:   Test Cases</title>
<link href="../testng.css" rel="stylesheet" type="text/css" />
<link href="../my-testng.css" rel="stylesheet" type="text/css" />

<style type="text/css">
.log { display: none;} 
.stack-trace { display: none;} 
</style>
<script type="text/javascript">
<!--
function flip(e) {
  current = e.style.display;
  if (current == 'block') {
    e.style.display = 'none';
    return 0;
  }
  else {
    e.style.display = 'block';
    return 1;
  }
}

function toggleBox(szDivId, elem, msg1, msg2)
{
  var res = -1;  if (document.getElementById) {
    res = flip(document.getElementById(szDivId));
  }
  else if (document.all) {
    // this is the way old msie versions work
    res = flip(document.all[szDivId]);
  }
  if(elem) {
    if(res == 0) elem.innerHTML = msg1; else elem.innerHTML = msg2;
  }

}

function toggleAllBoxes() {
  if (document.getElementsByTagName) {
    d = document.getElementsByTagName('div');
    for (i = 0; i < d.length; i++) {
      if (d[i].className == 'log') {
        flip(d[i]);
      }
    }
  }
}

// -->
</script>

</head>
<body>
<h2 align='center'> Test Cases</h2><table border='1' align="center">
<tr>
<td>Tests passed/Failed/Skipped:</td><td>40/3/0</td>
</tr><tr>
<td>Started on:</td><td>Fri May 04 14:38:08 IST 2018</td>
</tr>
<tr><td>Total time:</td><td>1007 seconds (1007179 ms)</td>
</tr><tr>
<td>Included groups:</td><td></td>
</tr><tr>
<td>Excluded groups:</td><td></td>
</tr>
</table><p/>
<small><i>(Hover the method name to see the test class name)</i></small><p/>
<table width='100%' border='1' class='invocation-failed'>
<tr><td colspan='4' align='center'><b>FAILED TESTS</b></td></tr>
<tr><td><b>Test method</b></td>
<td width="30%"><b>Exception</b></td>
<td width="10%"><b>Time (seconds)</b></td>
<td><b>Instance</b></td>
</tr>
<tr>
<td title='testcases.UnmatchedCarrierAdminSameDayTest.adminLogin()'><b>adminLogin</b><br>Test class: testcases.UnmatchedCarrierAdminSameDayTest<br>Parameters: jasonglaser@truckstop.com, aaaaaaa</td>
<td><div><pre>org.openqa.selenium.NoSuchElementException: no such element: Unable to locate element: {&quot;method&quot;:&quot;xpath&quot;,&quot;selector&quot;:&quot;.//*[@id=&apos;UserName&apos;]&quot;}
  (Session info: chrome=66.0.3359.139)
  (Driver info: chromedriver=2.35.528161 (5b82f2d2aae0ca24b877009200ced9065a772e73),platform=Windows NT 6.1.7601 SP1 x86_64) (WARNING: The server did not provide any stacktrace information)
Command duration or timeout: 0 milliseconds
For documentation on this error, please visit: http://seleniumhq.org/exceptions/no_such_element.html
Build info: version: &apos;3.5.3&apos;, revision: &apos;a88d25fe6b&apos;, time: &apos;2017-08-29T12:42:44.417Z&apos;
System info: host: &apos;CPN-IT-SHANTESH&apos;, ip: &apos;10.10.0.254&apos;, os.name: &apos;Windows 7&apos;, os.arch: &apos;amd64&apos;, os.version: &apos;6.1&apos;, java.version: &apos;1.8.0_161&apos;
Driver info: org.openqa.selenium.chrome.ChromeDriver
Capabilities [{mobileEmulationEnabled=false, hasTouchScreen=false, platform=XP, acceptSslCerts=false, acceptInsecureCerts=false, webStorageEnabled=true, browserName=chrome, takesScreenshot=true, javascriptEnabled=true, platformName=XP, setWindowRect=true, unexpectedAlertBehaviour=, applicationCacheEnabled=false, rotatable=false, networkConnectionEnabled=false, chrome={chromedriverVersion=2.35.528161 (5b82f2d2aae0ca24b877009200ced9065a772e73), userDataDir=C:\Users\SHANTE~1\AppData\Local\Temp\scoped_dir8348_7137}, takesHeapSnapshot=true, pageLoadStrategy=normal, unhandledPromptBehavior=, databaseEnabled=false, handlesAlerts=true, version=66.0.3359.139, browserConnectionEnabled=false, nativeEvents=true, locationContextEnabled=true, cssSelectorsEnabled=true}]
Session ID: cf2857d2f90daced83635d959b601544
*** Element info: {Using=xpath, value=.//*[@id=&apos;UserName&apos;]}
	at org.openqa.selenium.remote.ErrorHandler.createThrowable(ErrorHandler.java:215)
	at org.openqa.selenium.remote.ErrorHandler.throwIfResponseFailed(ErrorHandler.java:167)
	at org.openqa.selenium.remote.http.JsonHttpResponseCodec.reconstructValue(JsonHttpResponseCodec.java:40)
	at org.openqa.selenium.remote.http.AbstractHttpResponseCodec.decode(AbstractHttpResponseCodec.java:82)
	at org.openqa.selenium.remote.http.AbstractHttpResponseCodec.decode(AbstractHttpResponseCodec.java:45)
	at org.openqa.selenium.remote.HttpCommandExecutor.execute(HttpCommandExecutor.java:164)
	at org.openqa.selenium.remote.service.DriverCommandExecutor.execute(DriverCommandExecutor.java:82)
	at org.openqa.selenium.remote.RemoteWebDriver.execute(RemoteWebDriver.java:646)
	at org.openqa.selenium.remote.RemoteWebDriver.findElement(RemoteWebDriver.java:416)
	at org.openqa.selenium.remote.RemoteWebDriver.findElementByXPath(RemoteWebDriver.java:518)
	at org.openqa.selenium.By$ByXPath.findElement(By.java:361)
	at org.openqa.selenium.remote.RemoteWebDriver.findElement(RemoteWebDriver.java:408)
	at org.openqa.selenium.support.events.EventFiringWebDriver$2.invoke(EventFiringWebDriver.java:105)
	at com.sun.proxy.$Proxy8.findElement(Unknown Source)
	at org.openqa.selenium.support.events.EventFiringWebDriver.findElement(EventFiringWebDriver.java:189)
	at org.openqa.selenium.support.pagefactory.DefaultElementLocator.findElement(DefaultElementLocator.java:69)
	at org.openqa.selenium.support.pagefactory.internal.LocatingElementHandler.invoke(LocatingElementHandler.java:38)
	at com.sun.proxy.$Proxy12.sendKeys(Unknown Source)
	at pages.AdminLogin.adminUserPass(AdminLogin.java:58)
	at testcases.UnmatchedCarrierAdminSameDayTest.adminLogin(UnmatchedCarrierAdminSameDayTest.java:43)
... Removed 32 stack frames</pre></div><a href='#' onClick='toggleBox("stack-trace2008547236", this, "Click to show all stack frames", "Click to hide stack frames")'>Click to show all stack frames</a>
<div class='stack-trace' id='stack-trace2008547236'><pre>org.openqa.selenium.NoSuchElementException: no such element: Unable to locate element: {&quot;method&quot;:&quot;xpath&quot;,&quot;selector&quot;:&quot;.//*[@id=&apos;UserName&apos;]&quot;}
  (Session info: chrome=66.0.3359.139)
  (Driver info: chromedriver=2.35.528161 (5b82f2d2aae0ca24b877009200ced9065a772e73),platform=Windows NT 6.1.7601 SP1 x86_64) (WARNING: The server did not provide any stacktrace information)
Command duration or timeout: 0 milliseconds
For documentation on this error, please visit: http://seleniumhq.org/exceptions/no_such_element.html
Build info: version: &apos;3.5.3&apos;, revision: &apos;a88d25fe6b&apos;, time: &apos;2017-08-29T12:42:44.417Z&apos;
System info: host: &apos;CPN-IT-SHANTESH&apos;, ip: &apos;10.10.0.254&apos;, os.name: &apos;Windows 7&apos;, os.arch: &apos;amd64&apos;, os.version: &apos;6.1&apos;, java.version: &apos;1.8.0_161&apos;
Driver info: org.openqa.selenium.chrome.ChromeDriver
Capabilities [{mobileEmulationEnabled=false, hasTouchScreen=false, platform=XP, acceptSslCerts=false, acceptInsecureCerts=false, webStorageEnabled=true, browserName=chrome, takesScreenshot=true, javascriptEnabled=true, platformName=XP, setWindowRect=true, unexpectedAlertBehaviour=, applicationCacheEnabled=false, rotatable=false, networkConnectionEnabled=false, chrome={chromedriverVersion=2.35.528161 (5b82f2d2aae0ca24b877009200ced9065a772e73), userDataDir=C:\Users\SHANTE~1\AppData\Local\Temp\scoped_dir8348_7137}, takesHeapSnapshot=true, pageLoadStrategy=normal, unhandledPromptBehavior=, databaseEnabled=false, handlesAlerts=true, version=66.0.3359.139, browserConnectionEnabled=false, nativeEvents=true, locationContextEnabled=true, cssSelectorsEnabled=true}]
Session ID: cf2857d2f90daced83635d959b601544
*** Element info: {Using=xpath, value=.//*[@id=&apos;UserName&apos;]}
	at sun.reflect.NativeConstructorAccessorImpl.newInstance0(Native Method)
	at sun.reflect.NativeConstructorAccessorImpl.newInstance(Unknown Source)
	at sun.reflect.DelegatingConstructorAccessorImpl.newInstance(Unknown Source)
	at java.lang.reflect.Constructor.newInstance(Unknown Source)
	at org.openqa.selenium.remote.ErrorHandler.createThrowable(ErrorHandler.java:215)
	at org.openqa.selenium.remote.ErrorHandler.throwIfResponseFailed(ErrorHandler.java:167)
	at org.openqa.selenium.remote.http.JsonHttpResponseCodec.reconstructValue(JsonHttpResponseCodec.java:40)
	at org.openqa.selenium.remote.http.AbstractHttpResponseCodec.decode(AbstractHttpResponseCodec.java:82)
	at org.openqa.selenium.remote.http.AbstractHttpResponseCodec.decode(AbstractHttpResponseCodec.java:45)
	at org.openqa.selenium.remote.HttpCommandExecutor.execute(HttpCommandExecutor.java:164)
	at org.openqa.selenium.remote.service.DriverCommandExecutor.execute(DriverCommandExecutor.java:82)
	at org.openqa.selenium.remote.RemoteWebDriver.execute(RemoteWebDriver.java:646)
	at org.openqa.selenium.remote.RemoteWebDriver.findElement(RemoteWebDriver.java:416)
	at org.openqa.selenium.remote.RemoteWebDriver.findElementByXPath(RemoteWebDriver.java:518)
	at org.openqa.selenium.By$ByXPath.findElement(By.java:361)
	at org.openqa.selenium.remote.RemoteWebDriver.findElement(RemoteWebDriver.java:408)
	at sun.reflect.GeneratedMethodAccessor6.invoke(Unknown Source)
	at sun.reflect.DelegatingMethodAccessorImpl.invoke(Unknown Source)
	at java.lang.reflect.Method.invoke(Unknown Source)
	at org.openqa.selenium.support.events.EventFiringWebDriver$2.invoke(EventFiringWebDriver.java:105)
	at com.sun.proxy.$Proxy8.findElement(Unknown Source)
	at org.openqa.selenium.support.events.EventFiringWebDriver.findElement(EventFiringWebDriver.java:189)
	at org.openqa.selenium.support.pagefactory.DefaultElementLocator.findElement(DefaultElementLocator.java:69)
	at org.openqa.selenium.support.pagefactory.internal.LocatingElementHandler.invoke(LocatingElementHandler.java:38)
	at com.sun.proxy.$Proxy12.sendKeys(Unknown Source)
	at pages.AdminLogin.adminUserPass(AdminLogin.java:58)
	at testcases.UnmatchedCarrierAdminSameDayTest.adminLogin(UnmatchedCarrierAdminSameDayTest.java:43)
	at sun.reflect.NativeMethodAccessorImpl.invoke0(Native Method)
	at sun.reflect.NativeMethodAccessorImpl.invoke(Unknown Source)
	at sun.reflect.DelegatingMethodAccessorImpl.invoke(Unknown Source)
	at java.lang.reflect.Method.invoke(Unknown Source)
	at org.testng.internal.MethodInvocationHelper.invokeMethod(MethodInvocationHelper.java:124)
	at org.testng.internal.Invoker.invokeMethod(Invoker.java:580)
	at org.testng.internal.Invoker.invokeTestMethod(Invoker.java:716)
	at org.testng.internal.Invoker.invokeTestMethods(Invoker.java:988)
	at org.testng.internal.TestMethodWorker.invokeTestMethods(TestMethodWorker.java:125)
	at org.testng.internal.TestMethodWorker.run(TestMethodWorker.java:109)
	at org.testng.TestRunner.privateRun(TestRunner.java:648)
	at org.testng.TestRunner.run(TestRunner.java:505)
	at org.testng.SuiteRunner.runTest(SuiteRunner.java:455)
	at org.testng.SuiteRunner.runSequentially(SuiteRunner.java:450)
	at org.testng.SuiteRunner.privateRun(SuiteRunner.java:415)
	at org.testng.SuiteRunner.run(SuiteRunner.java:364)
	at org.testng.SuiteRunnerWorker.runSuite(SuiteRunnerWorker.java:52)
	at org.testng.SuiteRunnerWorker.run(SuiteRunnerWorker.java:84)
	at org.testng.TestNG.runSuitesSequentially(TestNG.java:1208)
	at org.testng.TestNG.runSuitesLocally(TestNG.java:1137)
	at org.testng.TestNG.runSuites(TestNG.java:1049)
	at org.testng.TestNG.run(TestNG.java:1017)
	at org.testng.remote.AbstractRemoteTestNG.run(AbstractRemoteTestNG.java:114)
	at org.testng.remote.RemoteTestNG.initAndRun(RemoteTestNG.java:251)
	at org.testng.remote.RemoteTestNG.main(RemoteTestNG.java:77)
</pre></div></td>
<td>32</td>
<td>testcases.UnmatchedCarrierAdminSameDayTest@149494d8</td></tr>
<tr>
<td title='testcases.UnmatchedCarrierSameDayACHTest.carrierPaymenowSameDayACH()'><b>carrierPaymenowSameDayACH</b><br>Test class: testcases.UnmatchedCarrierSameDayACHTest</td>
<td><div><pre>java.lang.NullPointerException
	at org.openqa.selenium.support.events.EventFiringWebDriver.extractInterfaces(EventFiringWebDriver.java:121)
	at org.openqa.selenium.support.events.EventFiringWebDriver.access$500(EventFiringWebDriver.java:67)
	at org.openqa.selenium.support.events.EventFiringWebDriver$EventFiringWebElement.&lt;init&gt;(EventFiringWebDriver.java:343)
	at org.openqa.selenium.support.events.EventFiringWebDriver$EventFiringWebElement.&lt;init&gt;(EventFiringWebDriver.java:335)
	at org.openqa.selenium.support.events.EventFiringWebDriver.createWebElement(EventFiringWebDriver.java:308)
	at org.openqa.selenium.support.events.EventFiringWebDriver.findElement(EventFiringWebDriver.java:191)
	at org.openqa.selenium.support.pagefactory.DefaultElementLocator.findElement(DefaultElementLocator.java:69)
	at org.openqa.selenium.support.pagefactory.internal.LocatingElementHandler.invoke(LocatingElementHandler.java:38)
	at com.sun.proxy.$Proxy12.getText(Unknown Source)
	at pages.UnmatchedCarrierSameDAYACH.getAmount(UnmatchedCarrierSameDAYACH.java:89)
	at testcases.UnmatchedCarrierSameDayACHTest.carrierPaymenowSameDayACH(UnmatchedCarrierSameDayACHTest.java:43)
... Removed 25 stack frames</pre></div><a href='#' onClick='toggleBox("stack-trace925568390", this, "Click to show all stack frames", "Click to hide stack frames")'>Click to show all stack frames</a>
<div class='stack-trace' id='stack-trace925568390'><pre>java.lang.NullPointerException
	at org.openqa.selenium.support.events.EventFiringWebDriver.extractInterfaces(EventFiringWebDriver.java:121)
	at org.openqa.selenium.support.events.EventFiringWebDriver.access$500(EventFiringWebDriver.java:67)
	at org.openqa.selenium.support.events.EventFiringWebDriver$EventFiringWebElement.&lt;init&gt;(EventFiringWebDriver.java:343)
	at org.openqa.selenium.support.events.EventFiringWebDriver$EventFiringWebElement.&lt;init&gt;(EventFiringWebDriver.java:335)
	at org.openqa.selenium.support.events.EventFiringWebDriver.createWebElement(EventFiringWebDriver.java:308)
	at org.openqa.selenium.support.events.EventFiringWebDriver.findElement(EventFiringWebDriver.java:191)
	at org.openqa.selenium.support.pagefactory.DefaultElementLocator.findElement(DefaultElementLocator.java:69)
	at org.openqa.selenium.support.pagefactory.internal.LocatingElementHandler.invoke(LocatingElementHandler.java:38)
	at com.sun.proxy.$Proxy12.getText(Unknown Source)
	at pages.UnmatchedCarrierSameDAYACH.getAmount(UnmatchedCarrierSameDAYACH.java:89)
	at testcases.UnmatchedCarrierSameDayACHTest.carrierPaymenowSameDayACH(UnmatchedCarrierSameDayACHTest.java:43)
	at sun.reflect.NativeMethodAccessorImpl.invoke0(Native Method)
	at sun.reflect.NativeMethodAccessorImpl.invoke(Unknown Source)
	at sun.reflect.DelegatingMethodAccessorImpl.invoke(Unknown Source)
	at java.lang.reflect.Method.invoke(Unknown Source)
	at org.testng.internal.MethodInvocationHelper.invokeMethod(MethodInvocationHelper.java:124)
	at org.testng.internal.Invoker.invokeMethod(Invoker.java:580)
	at org.testng.internal.Invoker.invokeTestMethod(Invoker.java:716)
	at org.testng.internal.Invoker.invokeTestMethods(Invoker.java:988)
	at org.testng.internal.TestMethodWorker.invokeTestMethods(TestMethodWorker.java:125)
	at org.testng.internal.TestMethodWorker.run(TestMethodWorker.java:109)
	at org.testng.TestRunner.privateRun(TestRunner.java:648)
	at org.testng.TestRunner.run(TestRunner.java:505)
	at org.testng.SuiteRunner.runTest(SuiteRunner.java:455)
	at org.testng.SuiteRunner.runSequentially(SuiteRunner.java:450)
	at org.testng.SuiteRunner.privateRun(SuiteRunner.java:415)
	at org.testng.SuiteRunner.run(SuiteRunner.java:364)
	at org.testng.SuiteRunnerWorker.runSuite(SuiteRunnerWorker.java:52)
	at org.testng.SuiteRunnerWorker.run(SuiteRunnerWorker.java:84)
	at org.testng.TestNG.runSuitesSequentially(TestNG.java:1208)
	at org.testng.TestNG.runSuitesLocally(TestNG.java:1137)
	at org.testng.TestNG.runSuites(TestNG.java:1049)
	at org.testng.TestNG.run(TestNG.java:1017)
	at org.testng.remote.AbstractRemoteTestNG.run(AbstractRemoteTestNG.java:114)
	at org.testng.remote.RemoteTestNG.initAndRun(RemoteTestNG.java:251)
	at org.testng.remote.RemoteTestNG.main(RemoteTestNG.java:77)
</pre></div></td>
<td>3</td>
<td>testcases.UnmatchedCarrierSameDayACHTest@646007f4</td></tr>
<tr>
<td title='testcases.CarrierFirstLoginSameDayTest.loginTest()'><b>loginTest</b><br>Test class: testcases.CarrierFirstLoginSameDayTest</td>
<td><div><pre>java.lang.NullPointerException
	at org.openqa.selenium.support.events.EventFiringWebDriver.extractInterfaces(EventFiringWebDriver.java:121)
	at org.openqa.selenium.support.events.EventFiringWebDriver.access$500(EventFiringWebDriver.java:67)
	at org.openqa.selenium.support.events.EventFiringWebDriver$EventFiringWebElement.&lt;init&gt;(EventFiringWebDriver.java:343)
	at org.openqa.selenium.support.events.EventFiringWebDriver$EventFiringWebElement.&lt;init&gt;(EventFiringWebDriver.java:335)
	at org.openqa.selenium.support.events.EventFiringWebDriver.createWebElement(EventFiringWebDriver.java:308)
	at org.openqa.selenium.support.events.EventFiringWebDriver.findElement(EventFiringWebDriver.java:191)
	at org.openqa.selenium.support.pagefactory.DefaultElementLocator.findElement(DefaultElementLocator.java:69)
	at org.openqa.selenium.support.pagefactory.internal.LocatingElementHandler.invoke(LocatingElementHandler.java:38)
	at com.sun.proxy.$Proxy12.isDisplayed(Unknown Source)
	at org.openqa.selenium.support.ui.ExpectedConditions.elementIfVisible(ExpectedConditions.java:302)
	at org.openqa.selenium.support.ui.ExpectedConditions.access$100(ExpectedConditions.java:44)
	at org.openqa.selenium.support.ui.ExpectedConditions$10.apply(ExpectedConditions.java:288)
	at org.openqa.selenium.support.ui.ExpectedConditions$10.apply(ExpectedConditions.java:285)
	at org.openqa.selenium.support.ui.ExpectedConditions$23.apply(ExpectedConditions.java:673)
	at org.openqa.selenium.support.ui.ExpectedConditions$23.apply(ExpectedConditions.java:669)
	at org.openqa.selenium.support.ui.FluentWait.until(FluentWait.java:209)
	at pages.CarrierFirstLoginSameDay.clickNext(CarrierFirstLoginSameDay.java:68)
	at testcases.CarrierFirstLoginSameDayTest.loginTest(CarrierFirstLoginSameDayTest.java:29)
... Removed 25 stack frames</pre></div><a href='#' onClick='toggleBox("stack-trace1710783020", this, "Click to show all stack frames", "Click to hide stack frames")'>Click to show all stack frames</a>
<div class='stack-trace' id='stack-trace1710783020'><pre>java.lang.NullPointerException
	at org.openqa.selenium.support.events.EventFiringWebDriver.extractInterfaces(EventFiringWebDriver.java:121)
	at org.openqa.selenium.support.events.EventFiringWebDriver.access$500(EventFiringWebDriver.java:67)
	at org.openqa.selenium.support.events.EventFiringWebDriver$EventFiringWebElement.&lt;init&gt;(EventFiringWebDriver.java:343)
	at org.openqa.selenium.support.events.EventFiringWebDriver$EventFiringWebElement.&lt;init&gt;(EventFiringWebDriver.java:335)
	at org.openqa.selenium.support.events.EventFiringWebDriver.createWebElement(EventFiringWebDriver.java:308)
	at org.openqa.selenium.support.events.EventFiringWebDriver.findElement(EventFiringWebDriver.java:191)
	at org.openqa.selenium.support.pagefactory.DefaultElementLocator.findElement(DefaultElementLocator.java:69)
	at org.openqa.selenium.support.pagefactory.internal.LocatingElementHandler.invoke(LocatingElementHandler.java:38)
	at com.sun.proxy.$Proxy12.isDisplayed(Unknown Source)
	at org.openqa.selenium.support.ui.ExpectedConditions.elementIfVisible(ExpectedConditions.java:302)
	at org.openqa.selenium.support.ui.ExpectedConditions.access$100(ExpectedConditions.java:44)
	at org.openqa.selenium.support.ui.ExpectedConditions$10.apply(ExpectedConditions.java:288)
	at org.openqa.selenium.support.ui.ExpectedConditions$10.apply(ExpectedConditions.java:285)
	at org.openqa.selenium.support.ui.ExpectedConditions$23.apply(ExpectedConditions.java:673)
	at org.openqa.selenium.support.ui.ExpectedConditions$23.apply(ExpectedConditions.java:669)
	at org.openqa.selenium.support.ui.FluentWait.until(FluentWait.java:209)
	at pages.CarrierFirstLoginSameDay.clickNext(CarrierFirstLoginSameDay.java:68)
	at testcases.CarrierFirstLoginSameDayTest.loginTest(CarrierFirstLoginSameDayTest.java:29)
	at sun.reflect.NativeMethodAccessorImpl.invoke0(Native Method)
	at sun.reflect.NativeMethodAccessorImpl.invoke(Unknown Source)
	at sun.reflect.DelegatingMethodAccessorImpl.invoke(Unknown Source)
	at java.lang.reflect.Method.invoke(Unknown Source)
	at org.testng.internal.MethodInvocationHelper.invokeMethod(MethodInvocationHelper.java:124)
	at org.testng.internal.Invoker.invokeMethod(Invoker.java:580)
	at org.testng.internal.Invoker.invokeTestMethod(Invoker.java:716)
	at org.testng.internal.Invoker.invokeTestMethods(Invoker.java:988)
	at org.testng.internal.TestMethodWorker.invokeTestMethods(TestMethodWorker.java:125)
	at org.testng.internal.TestMethodWorker.run(TestMethodWorker.java:109)
	at org.testng.TestRunner.privateRun(TestRunner.java:648)
	at org.testng.TestRunner.run(TestRunner.java:505)
	at org.testng.SuiteRunner.runTest(SuiteRunner.java:455)
	at org.testng.SuiteRunner.runSequentially(SuiteRunner.java:450)
	at org.testng.SuiteRunner.privateRun(SuiteRunner.java:415)
	at org.testng.SuiteRunner.run(SuiteRunner.java:364)
	at org.testng.SuiteRunnerWorker.runSuite(SuiteRunnerWorker.java:52)
	at org.testng.SuiteRunnerWorker.run(SuiteRunnerWorker.java:84)
	at org.testng.TestNG.runSuitesSequentially(TestNG.java:1208)
	at org.testng.TestNG.runSuitesLocally(TestNG.java:1137)
	at org.testng.TestNG.runSuites(TestNG.java:1049)
	at org.testng.TestNG.run(TestNG.java:1017)
	at org.testng.remote.AbstractRemoteTestNG.run(AbstractRemoteTestNG.java:114)
	at org.testng.remote.RemoteTestNG.initAndRun(RemoteTestNG.java:251)
	at org.testng.remote.RemoteTestNG.main(RemoteTestNG.java:77)
</pre></div></td>
<td>7</td>
<td>testcases.CarrierFirstLoginSameDayTest@710726a3</td></tr>
</table><p>
<table width='100%' border='1' class='invocation-passed'>
<tr><td colspan='4' align='center'><b>PASSED TESTS</b></td></tr>
<tr><td><b>Test method</b></td>
<td width="30%"><b>Exception</b></td>
<td width="10%"><b>Time (seconds)</b></td>
<td><b>Instance</b></td>
</tr>
<tr>
<td title='testcases.BrokerRegisterTest.BrokerRegister()'><b>BrokerRegister</b><br>Test class: testcases.BrokerRegisterTest<br>Parameters: null, broker registration , Travells, ma12mnb61@loadpaytest.truckstop.com, ma12mnb61@loadpaytest.truckstop.com, 12344-4567, alabama, alabama, istration, reg, 374657342938, Password@123, Password@123, balajiii, 102101645, 456456567567, 456456567567</td>
<td></td>
<td>30</td>
<td>testcases.BrokerRegisterTest@10dba097</td></tr>
<tr>
<td title='testcases.CarrierRegisterTest.CarrierRegister()'><b>CarrierRegister</b><br>Test class: testcases.CarrierRegisterTest<br>Parameters: null, carrier, Travells, ma12mhg@mailinator.truckstop.com, ma12mhg@mailinator.truckstop.com, 12344-4567, alabama, alabama, istration, reg, 374657342938, Password@123, Password@123, balajiii, 102101645, 456456567567, 456456567567</td>
<td></td>
<td>31</td>
<td>testcases.CarrierRegisterTest@eb21112</td></tr>
<tr>
<td title='testcases.UnmatchedCarrierOutlooksameDayTest.CarrierRegister()'><b>CarrierRegister</b><br>Test class: testcases.UnmatchedCarrierOutlooksameDayTest<br>Parameters: null, carrier, Travells, ma12mhg@mailinator.truckstop.com, ma12mhg@mailinator.truckstop.com, 12344-4567, alabama, alabama, istration, reg, 374657342938, Password@123, Password@123, balajiii, 102101645, 456456567567, 456456567567</td>
<td></td>
<td>28</td>
<td>testcases.UnmatchedCarrierOutlooksameDayTest@4d1b0d2a</td></tr>
<tr>
<td title='testcases.UnmatchedCarrierOutlookTest.CarrierRegister()'><b>CarrierRegister</b><br>Test class: testcases.UnmatchedCarrierOutlookTest<br>Parameters: null, carrier, Travells, ma12mhg@mailinator.truckstop.com, ma12mhg@mailinator.truckstop.com, 12344-4567, alabama, alabama, istration, reg, 374657342938, Password@123, Password@123, balajiii, 102101645, 456456567567, 456456567567</td>
<td></td>
<td>28</td>
<td>testcases.UnmatchedCarrierOutlookTest@481a15ff</td></tr>
<tr>
<td title='testcases.AdminBrokerTest.Home()'><b>Home</b><br>Test class: testcases.AdminBrokerTest</td>
<td></td>
<td>6</td>
<td>testcases.AdminBrokerTest@704d6e83</td></tr>
<tr>
<td title='testcases.AdminCarrierTest.Home()'><b>Home</b><br>Test class: testcases.AdminCarrierTest</td>
<td></td>
<td>5</td>
<td>testcases.AdminCarrierTest@3578436e</td></tr>
<tr>
<td title='testcases.UnmatchedCarrierAdminSameDayTest.Home()'><b>Home</b><br>Test class: testcases.UnmatchedCarrierAdminSameDayTest</td>
<td></td>
<td>6</td>
<td>testcases.UnmatchedCarrierAdminSameDayTest@149494d8</td></tr>
<tr>
<td title='testcases.UnmatchedCarrierAdminTest.Home()'><b>Home</b><br>Test class: testcases.UnmatchedCarrierAdminTest</td>
<td></td>
<td>4</td>
<td>testcases.UnmatchedCarrierAdminTest@306279ee</td></tr>
<tr>
<td title='testcases.AdminBrokerTest.adminLogin()'><b>adminLogin</b><br>Test class: testcases.AdminBrokerTest<br>Parameters: jasonglaser@truckstop.com, aaaaaaa</td>
<td></td>
<td>14</td>
<td>testcases.AdminBrokerTest@704d6e83</td></tr>
<tr>
<td title='testcases.AdminCarrierTest.adminLogin()'><b>adminLogin</b><br>Test class: testcases.AdminCarrierTest<br>Parameters: jasonglaser@truckstop.com, aaaaaaa</td>
<td></td>
<td>13</td>
<td>testcases.AdminCarrierTest@3578436e</td></tr>
<tr>
<td title='testcases.UnmatchedCarrierAdminTest.adminLogin()'><b>adminLogin</b><br>Test class: testcases.UnmatchedCarrierAdminTest<br>Parameters: jasonglaser@truckstop.com, aaaaaaa</td>
<td></td>
<td>12</td>
<td>testcases.UnmatchedCarrierAdminTest@306279ee</td></tr>
<tr>
<td title='testcases.BrokerNewPaymentTest.brokernewPayment()'><b>brokernewPayment</b><br>Test class: testcases.BrokerNewPaymentTest<br>Parameters: avatarqacarrier@mailinator.truckstop.com, 219085.0, 219085.0, 10.0</td>
<td></td>
<td>18</td>
<td>testcases.BrokerNewPaymentTest@10a035a0</td></tr>
<tr>
<td title='testcases.BrokerNewPaymentTest.brokernewPayment()'><b>brokernewPayment</b><br>Test class: testcases.BrokerNewPaymentTest<br>Parameters: avatarqacarrier@mailinator.truckstop.com, 29986.0, 29986.0, 10.0</td>
<td></td>
<td>17</td>
<td>testcases.BrokerNewPaymentTest@10a035a0</td></tr>
<tr>
<td title='testcases.BrokerNewPaymentTest.brokernewPayment()'><b>brokernewPayment</b><br>Test class: testcases.BrokerNewPaymentTest<br>Parameters: avatarqacarrier@mailinator.truckstop.com, 267796.0, 267796.0, 10.0</td>
<td></td>
<td>17</td>
<td>testcases.BrokerNewPaymentTest@10a035a0</td></tr>
<tr>
<td title='testcases.BrokerPaymentforUnmatchedCarrierTest.brokernewPayment()'><b>brokernewPayment</b><br>Test class: testcases.BrokerPaymentforUnmatchedCarrierTest<br>Parameters: avj600@loadpaytest.truckstop.com, 324334.0, 324334.0, 10.0, Carrier, 295311591</td>
<td></td>
<td>19</td>
<td>testcases.BrokerPaymentforUnmatchedCarrierTest@5c072e3f</td></tr>
<tr>
<td title='testcases.BrokerPaymentforUnmatchedCarrierTest.brokernewPayment()'><b>brokernewPayment</b><br>Test class: testcases.BrokerPaymentforUnmatchedCarrierTest<br>Parameters: avj700@loadpaytest.truckstop.com, 33005.0, 33005.0, 10.0, Carrier, 295311591</td>
<td></td>
<td>18</td>
<td>testcases.BrokerPaymentforUnmatchedCarrierTest@5c072e3f</td></tr>
<tr>
<td title='testcases.CarrierNotificationTest.carrierNotification()'><b>carrierNotification</b><br>Test class: testcases.CarrierNotificationTest</td>
<td></td>
<td>4</td>
<td>testcases.CarrierNotificationTest@6eceb130</td></tr>
<tr>
<td title='testcases.CarrierPayMeNowTabTest.carrierPaymeNow()'><b>carrierPaymeNow</b><br>Test class: testcases.CarrierPayMeNowTabTest</td>
<td></td>
<td>11</td>
<td>testcases.CarrierPayMeNowTabTest@47db50c5</td></tr>
<tr>
<td title='testcases.CarrierWireTransferTest.carrierPaymenowWirTransfer()'><b>carrierPaymenowWirTransfer</b><br>Test class: testcases.CarrierWireTransferTest</td>
<td></td>
<td>22</td>
<td>testcases.CarrierWireTransferTest@67b467e9</td></tr>
<tr>
<td title='testcases.UnmatchedCarrierWireTransferTest.carrierPaymenowWirTransfer()'><b>carrierPaymenowWirTransfer</b><br>Test class: testcases.UnmatchedCarrierWireTransferTest</td>
<td></td>
<td>11</td>
<td>testcases.UnmatchedCarrierWireTransferTest@4cf4d528</td></tr>
<tr>
<td title='testcases.BrokerOutlookTest.login()'><b>login</b><br>Test class: testcases.BrokerOutlookTest<br>Parameters: w2k/anilkumar, Cgihrms@123</td>
<td></td>
<td>7</td>
<td>testcases.BrokerOutlookTest@1786f9d5</td></tr>
<tr>
<td title='testcases.CariierOutlookTest.login()'><b>login</b><br>Test class: testcases.CariierOutlookTest<br>Parameters: w2k/anilkumar, Cgihrms@123</td>
<td></td>
<td>11</td>
<td>testcases.CariierOutlookTest@2eda0940</td></tr>
<tr>
<td title='testcases.UnmatchedCarrierOutlooksameDayTest.login()'><b>login</b><br>Test class: testcases.UnmatchedCarrierOutlooksameDayTest<br>Parameters: w2k/anilkumar, Cgihrms@123</td>
<td></td>
<td>9</td>
<td>testcases.UnmatchedCarrierOutlooksameDayTest@4d1b0d2a</td></tr>
<tr>
<td title='testcases.UnmatchedCariierEmailVerifyTest.login()'><b>login</b><br>Test class: testcases.UnmatchedCariierEmailVerifyTest<br>Parameters: w2k/anilkumar, Cgihrms@123</td>
<td></td>
<td>9</td>
<td>testcases.UnmatchedCariierEmailVerifyTest@954b04f</td></tr>
<tr>
<td title='testcases.UnmatchedCarrierOutlookTest.login()'><b>login</b><br>Test class: testcases.UnmatchedCarrierOutlookTest<br>Parameters: w2k/anilkumar, Cgihrms@123</td>
<td></td>
<td>8</td>
<td>testcases.UnmatchedCarrierOutlookTest@481a15ff</td></tr>
<tr>
<td title='testcases.UnmatchedCariierEmailVerifyWiretRansferTest.login()'><b>login</b><br>Test class: testcases.UnmatchedCariierEmailVerifyWiretRansferTest<br>Parameters: w2k/anilkumar, Cgihrms@123</td>
<td></td>
<td>13</td>
<td>testcases.UnmatchedCariierEmailVerifyWiretRansferTest@78186a70</td></tr>
<tr>
<td title='testcases.BrokerNewPaymentTest.loginBroker()'><b>loginBroker</b><br>Test class: testcases.BrokerNewPaymentTest<br>Parameters: shantesh.hulagabali@gmail.com, Veeresh@123</td>
<td></td>
<td>2</td>
<td>testcases.BrokerNewPaymentTest@10a035a0</td></tr>
<tr>
<td title='testcases.BrokerPaymentforUnmatchedCarrierTest.loginBroker()'><b>loginBroker</b><br>Test class: testcases.BrokerPaymentforUnmatchedCarrierTest<br>Parameters: shantesh.hulagabali@gmail.com, Veeresh@123</td>
<td></td>
<td>5</td>
<td>testcases.BrokerPaymentforUnmatchedCarrierTest@5c072e3f</td></tr>
<tr>
<td title='testcases.CarrierNotificationTest.loginCarrier()'><b>loginCarrier</b><br>Test class: testcases.CarrierNotificationTest<br>Parameters: avatarqacarrier@mailinator.truckstop.com, Password@123</td>
<td></td>
<td>3</td>
<td>testcases.CarrierNotificationTest@6eceb130</td></tr>
<tr>
<td title='testcases.CarrierPayMeNowTabTest.loginCarrier()'><b>loginCarrier</b><br>Test class: testcases.CarrierPayMeNowTabTest<br>Parameters: avatarqacarrier@mailinator.truckstop.com, Password@123</td>
<td></td>
<td>2</td>
<td>testcases.CarrierPayMeNowTabTest@47db50c5</td></tr>
<tr>
<td title='testcases.BrokerLoginTest.loginTest()'><b>loginTest</b><br>Test class: testcases.BrokerLoginTest<br>Parameters: shantesh.hulagabali@gmail.com, Veeresh@123</td>
<td></td>
<td>10</td>
<td>testcases.BrokerLoginTest@43a0cee9</td></tr>
<tr>
<td title='testcases.CarrierLoginTest.loginTest()'><b>loginTest</b><br>Test class: testcases.CarrierLoginTest<br>Parameters: avatarqacarrier@mailinator.truckstop.com, Password@123</td>
<td></td>
<td>8</td>
<td>testcases.CarrierLoginTest@706a04ae</td></tr>
<tr>
<td title='testcases.CarrierWireTransferTest.loginTest()'><b>loginTest</b><br>Test class: testcases.CarrierWireTransferTest<br>Parameters: avatarqacarrier@mailinator.truckstop.com, Password@123</td>
<td></td>
<td>4</td>
<td>testcases.CarrierWireTransferTest@67b467e9</td></tr>
<tr>
<td title='testcases.CarrierFirstLoginTest.loginTest()'><b>loginTest</b><br>Test class: testcases.CarrierFirstLoginTest</td>
<td></td>
<td>7</td>
<td>testcases.CarrierFirstLoginTest@545997b1</td></tr>
<tr>
<td title='testcases.BrokerOutlookTest.outlookloginTest()'><b>outlookloginTest</b><br>Test class: testcases.BrokerOutlookTest</td>
<td></td>
<td>53</td>
<td>testcases.BrokerOutlookTest@1786f9d5</td></tr>
<tr>
<td title='testcases.CariierOutlookTest.outlookloginTest()'><b>outlookloginTest</b><br>Test class: testcases.CariierOutlookTest</td>
<td></td>
<td>33</td>
<td>testcases.CariierOutlookTest@2eda0940</td></tr>
<tr>
<td title='testcases.UnmatchedCarrierOutlooksameDayTest.outlookloginTest()'><b>outlookloginTest</b><br>Test class: testcases.UnmatchedCarrierOutlooksameDayTest</td>
<td></td>
<td>45</td>
<td>testcases.UnmatchedCarrierOutlooksameDayTest@4d1b0d2a</td></tr>
<tr>
<td title='testcases.UnmatchedCariierEmailVerifyTest.outlookloginTest()'><b>outlookloginTest</b><br>Test class: testcases.UnmatchedCariierEmailVerifyTest</td>
<td></td>
<td>48</td>
<td>testcases.UnmatchedCariierEmailVerifyTest@954b04f</td></tr>
<tr>
<td title='testcases.UnmatchedCarrierOutlookTest.outlookloginTest()'><b>outlookloginTest</b><br>Test class: testcases.UnmatchedCarrierOutlookTest</td>
<td></td>
<td>51</td>
<td>testcases.UnmatchedCarrierOutlookTest@481a15ff</td></tr>
<tr>
<td title='testcases.UnmatchedCariierEmailVerifyWiretRansferTest.outlookloginTest()'><b>outlookloginTest</b><br>Test class: testcases.UnmatchedCariierEmailVerifyWiretRansferTest</td>
<td></td>
<td>38</td>
<td>testcases.UnmatchedCariierEmailVerifyWiretRansferTest@78186a70</td></tr>
</table><p>
</body>
</html>